<?xml version="1.0" encoding="UTF-8"?>
<testng-results ignored="0" total="37" passed="37" failed="0" skipped="0">
  <reporter-output>
  </reporter-output>
  <suite started-at="2023-03-06T21:00:38 EST" name="Suite" finished-at="2023-03-06T21:01:27 EST" duration-ms="49057">
    <groups>
      <group name="cucumber">
        <method signature="AbstractTestNGCucumberTests.runScenario(io.cucumber.testng.PickleWrapper,io.cucumber.testng.FeatureWrapper)[pri:0, instance:runner.RunnerFile@1f9f6368]" name="runScenario" class="io.cucumber.testng.AbstractTestNGCucumberTests"/>
      </group> <!-- cucumber -->
    </groups>
    <test started-at="2023-03-06T21:00:38 EST" name="Test" finished-at="2023-03-06T21:01:27 EST" duration-ms="49057">
      <class name="runner.RunnerFile">
        <test-method is-config="true" signature="setUpClass(org.testng.ITestContext)[pri:0, instance:runner.RunnerFile@1f9f6368]" started-at="2023-03-06T21:00:38 EST" name="setUpClass" finished-at="2023-03-06T21:00:41 EST" duration-ms="3256" status="PASS">
          <params>
            <param index="0">
              <value>
                <![CDATA[org.testng.TestRunner@6cb194f5]]>
              </value>
            </param>
          </params>
          <reporter-output>
          </reporter-output>
        </test-method> <!-- setUpClass -->
        <test-method signature="runScenario(io.cucumber.testng.PickleWrapper,io.cucumber.testng.FeatureWrapper)[pri:0, instance:runner.RunnerFile@1f9f6368]" started-at="2023-03-06T21:00:41 EST" name="runScenario" description="Runs Cucumber Scenarios" data-provider="scenarios" finished-at="2023-03-06T21:00:45 EST" duration-ms="3440" status="PASS">
          <params>
            <param index="0">
              <value>
                <![CDATA["Check all empty field message"]]>
              </value>
            </param>
            <param index="1">
              <value>
                <![CDATA["Check Register functionality"]]>
              </value>
            </param>
          </params>
          <reporter-output>
          </reporter-output>
        </test-method> <!-- runScenario -->
        <test-method signature="runScenario(io.cucumber.testng.PickleWrapper,io.cucumber.testng.FeatureWrapper)[pri:0, instance:runner.RunnerFile@1f9f6368]" started-at="2023-03-06T21:00:45 EST" name="runScenario" description="Runs Cucumber Scenarios" data-provider="scenarios" finished-at="2023-03-06T21:00:49 EST" duration-ms="3951" status="PASS">
          <params>
            <param index="0">
              <value>
                <![CDATA["Check invalid Username"]]>
              </value>
            </param>
            <param index="1">
              <value>
                <![CDATA["Check Register functionality"]]>
              </value>
            </param>
          </params>
          <reporter-output>
          </reporter-output>
        </test-method> <!-- runScenario -->
        <test-method signature="runScenario(io.cucumber.testng.PickleWrapper,io.cucumber.testng.FeatureWrapper)[pri:0, instance:runner.RunnerFile@1f9f6368]" started-at="2023-03-06T21:00:49 EST" name="runScenario" description="Runs Cucumber Scenarios" data-provider="scenarios" finished-at="2023-03-06T21:00:51 EST" duration-ms="2800" status="PASS">
          <params>
            <param index="0">
              <value>
                <![CDATA["Check invalid Password"]]>
              </value>
            </param>
            <param index="1">
              <value>
                <![CDATA["Check Register functionality"]]>
              </value>
            </param>
          </params>
          <reporter-output>
          </reporter-output>
        </test-method> <!-- runScenario -->
        <test-method signature="runScenario(io.cucumber.testng.PickleWrapper,io.cucumber.testng.FeatureWrapper)[pri:0, instance:runner.RunnerFile@1f9f6368]" started-at="2023-03-06T21:00:51 EST" name="runScenario" description="Runs Cucumber Scenarios" data-provider="scenarios" finished-at="2023-03-06T21:00:55 EST" duration-ms="3228" status="PASS">
          <params>
            <param index="0">
              <value>
                <![CDATA["Check mismatch Password confirmation message"]]>
              </value>
            </param>
            <param index="1">
              <value>
                <![CDATA["Check Register functionality"]]>
              </value>
            </param>
          </params>
          <reporter-output>
          </reporter-output>
        </test-method> <!-- runScenario -->
        <test-method signature="runScenario(io.cucumber.testng.PickleWrapper,io.cucumber.testng.FeatureWrapper)[pri:0, instance:runner.RunnerFile@1f9f6368]" started-at="2023-03-06T21:00:55 EST" name="runScenario" description="Runs Cucumber Scenarios" data-provider="scenarios" finished-at="2023-03-06T21:00:58 EST" duration-ms="3169" status="PASS">
          <params>
            <param index="0">
              <value>
                <![CDATA["The user redirected to Homepage with valid details"]]>
              </value>
            </param>
            <param index="1">
              <value>
                <![CDATA["Check Register functionality"]]>
              </value>
            </param>
          </params>
          <reporter-output>
          </reporter-output>
        </test-method> <!-- runScenario -->
        <test-method signature="runScenario(io.cucumber.testng.PickleWrapper,io.cucumber.testng.FeatureWrapper)[pri:0, instance:runner.RunnerFile@1f9f6368]" started-at="2023-03-06T21:00:58 EST" name="runScenario" description="Runs Cucumber Scenarios" data-provider="scenarios" finished-at="2023-03-06T21:00:58 EST" duration-ms="196" status="PASS">
          <params>
            <param index="0">
              <value>
                <![CDATA["Check login page"]]>
              </value>
            </param>
            <param index="1">
              <value>
                <![CDATA["Check login Functionality"]]>
              </value>
            </param>
          </params>
          <reporter-output>
          </reporter-output>
        </test-method> <!-- runScenario -->
        <test-method signature="runScenario(io.cucumber.testng.PickleWrapper,io.cucumber.testng.FeatureWrapper)[pri:0, instance:runner.RunnerFile@1f9f6368]" started-at="2023-03-06T21:00:58 EST" name="runScenario" description="Runs Cucumber Scenarios" data-provider="scenarios" finished-at="2023-03-06T21:01:01 EST" duration-ms="2687" status="PASS">
          <params>
            <param index="0">
              <value>
                <![CDATA["check login with Valid username and password"]]>
              </value>
            </param>
            <param index="1">
              <value>
                <![CDATA["Check login Functionality"]]>
              </value>
            </param>
          </params>
          <reporter-output>
          </reporter-output>
        </test-method> <!-- runScenario -->
        <test-method signature="runScenario(io.cucumber.testng.PickleWrapper,io.cucumber.testng.FeatureWrapper)[pri:0, instance:runner.RunnerFile@1f9f6368]" started-at="2023-03-06T21:01:01 EST" name="runScenario" description="Runs Cucumber Scenarios" data-provider="scenarios" finished-at="2023-03-06T21:01:01 EST" duration-ms="277" status="PASS">
          <params>
            <param index="0">
              <value>
                <![CDATA["The user is able to navigate to Data Structure introduction page"]]>
              </value>
            </param>
            <param index="1">
              <value>
                <![CDATA["The user is in the Home page after logged in"]]>
              </value>
            </param>
          </params>
          <reporter-output>
          </reporter-output>
        </test-method> <!-- runScenario -->
        <test-method signature="runScenario(io.cucumber.testng.PickleWrapper,io.cucumber.testng.FeatureWrapper)[pri:0, instance:runner.RunnerFile@1f9f6368]" started-at="2023-03-06T21:01:01 EST" name="runScenario" description="Runs Cucumber Scenarios" data-provider="scenarios" finished-at="2023-03-06T21:01:01 EST" duration-ms="221" status="PASS">
          <params>
            <param index="0">
              <value>
                <![CDATA["The user is able to navigate to Time Complexity page"]]>
              </value>
            </param>
            <param index="1">
              <value>
                <![CDATA["The user is in the Home page after logged in"]]>
              </value>
            </param>
          </params>
          <reporter-output>
          </reporter-output>
        </test-method> <!-- runScenario -->
        <test-method signature="runScenario(io.cucumber.testng.PickleWrapper,io.cucumber.testng.FeatureWrapper)[pri:0, instance:runner.RunnerFile@1f9f6368]" started-at="2023-03-06T21:01:01 EST" name="runScenario" description="Runs Cucumber Scenarios" data-provider="scenarios" finished-at="2023-03-06T21:01:04 EST" duration-ms="2886" status="PASS">
          <params>
            <param index="0">
              <value>
                <![CDATA["check text editor"]]>
              </value>
            </param>
            <param index="1">
              <value>
                <![CDATA["The user is in the Home page after logged in"]]>
              </value>
            </param>
          </params>
          <reporter-output>
          </reporter-output>
        </test-method> <!-- runScenario -->
        <test-method signature="runScenario(io.cucumber.testng.PickleWrapper,io.cucumber.testng.FeatureWrapper)[pri:0, instance:runner.RunnerFile@1f9f6368]" started-at="2023-03-06T21:01:04 EST" name="runScenario" description="Runs Cucumber Scenarios" data-provider="scenarios" finished-at="2023-03-06T21:01:04 EST" duration-ms="223" status="PASS">
          <params>
            <param index="0">
              <value>
                <![CDATA["user navigate to Array page"]]>
              </value>
            </param>
            <param index="1">
              <value>
                <![CDATA["Unknown"]]>
              </value>
            </param>
          </params>
          <reporter-output>
          </reporter-output>
        </test-method> <!-- runScenario -->
        <test-method signature="runScenario(io.cucumber.testng.PickleWrapper,io.cucumber.testng.FeatureWrapper)[pri:0, instance:runner.RunnerFile@1f9f6368]" started-at="2023-03-06T21:01:04 EST" name="runScenario" description="Runs Cucumber Scenarios" data-provider="scenarios" finished-at="2023-03-06T21:01:07 EST" duration-ms="2683" status="PASS">
          <params>
            <param index="0">
              <value>
                <![CDATA["The user is able to navigate to Arrays in Python page"]]>
              </value>
            </param>
            <param index="1">
              <value>
                <![CDATA["Unknown"]]>
              </value>
            </param>
          </params>
          <reporter-output>
          </reporter-output>
        </test-method> <!-- runScenario -->
        <test-method signature="runScenario(io.cucumber.testng.PickleWrapper,io.cucumber.testng.FeatureWrapper)[pri:0, instance:runner.RunnerFile@1f9f6368]" started-at="2023-03-06T21:01:07 EST" name="runScenario" description="Runs Cucumber Scenarios" data-provider="scenarios" finished-at="2023-03-06T21:01:08 EST" duration-ms="682" status="PASS">
          <params>
            <param index="0">
              <value>
                <![CDATA["user navigate to Practice question"]]>
              </value>
            </param>
            <param index="1">
              <value>
                <![CDATA["Unknown"]]>
              </value>
            </param>
          </params>
          <reporter-output>
          </reporter-output>
        </test-method> <!-- runScenario -->
        <test-method signature="runScenario(io.cucumber.testng.PickleWrapper,io.cucumber.testng.FeatureWrapper)[pri:0, instance:runner.RunnerFile@1f9f6368]" started-at="2023-03-06T21:01:08 EST" name="runScenario" description="Runs Cucumber Scenarios" data-provider="scenarios" finished-at="2023-03-06T21:01:08 EST" duration-ms="203" status="PASS">
          <params>
            <param index="0">
              <value>
                <![CDATA["User navigated to linked list page"]]>
              </value>
            </param>
            <param index="1">
              <value>
                <![CDATA["Unknown"]]>
              </value>
            </param>
          </params>
          <reporter-output>
          </reporter-output>
        </test-method> <!-- runScenario -->
        <test-method signature="runScenario(io.cucumber.testng.PickleWrapper,io.cucumber.testng.FeatureWrapper)[pri:0, instance:runner.RunnerFile@1f9f6368]" started-at="2023-03-06T21:01:08 EST" name="runScenario" description="Runs Cucumber Scenarios" data-provider="scenarios" finished-at="2023-03-06T21:01:08 EST" duration-ms="425" status="PASS">
          <params>
            <param index="0">
              <value>
                <![CDATA["User navigated to Introduction page"]]>
              </value>
            </param>
            <param index="1">
              <value>
                <![CDATA["Unknown"]]>
              </value>
            </param>
          </params>
          <reporter-output>
          </reporter-output>
        </test-method> <!-- runScenario -->
        <test-method signature="runScenario(io.cucumber.testng.PickleWrapper,io.cucumber.testng.FeatureWrapper)[pri:0, instance:runner.RunnerFile@1f9f6368]" started-at="2023-03-06T21:01:08 EST" name="runScenario" description="Runs Cucumber Scenarios" data-provider="scenarios" finished-at="2023-03-06T21:01:09 EST" duration-ms="354" status="PASS">
          <params>
            <param index="0">
              <value>
                <![CDATA["The user run the code in tryEditor with valid input for Introduction page"]]>
              </value>
            </param>
            <param index="1">
              <value>
                <![CDATA["Unknown"]]>
              </value>
            </param>
          </params>
          <reporter-output>
          </reporter-output>
        </test-method> <!-- runScenario -->
        <test-method signature="runScenario(io.cucumber.testng.PickleWrapper,io.cucumber.testng.FeatureWrapper)[pri:0, instance:runner.RunnerFile@1f9f6368]" started-at="2023-03-06T21:01:09 EST" name="runScenario" description="Runs Cucumber Scenarios" data-provider="scenarios" finished-at="2023-03-06T21:01:09 EST" duration-ms="413" status="PASS">
          <params>
            <param index="0">
              <value>
                <![CDATA["User to check Creating Linked List page"]]>
              </value>
            </param>
            <param index="1">
              <value>
                <![CDATA["Unknown"]]>
              </value>
            </param>
          </params>
          <reporter-output>
          </reporter-output>
        </test-method> <!-- runScenario -->
        <test-method signature="runScenario(io.cucumber.testng.PickleWrapper,io.cucumber.testng.FeatureWrapper)[pri:0, instance:runner.RunnerFile@1f9f6368]" started-at="2023-03-06T21:01:09 EST" name="runScenario" description="Runs Cucumber Scenarios" data-provider="scenarios" finished-at="2023-03-06T21:01:10 EST" duration-ms="1315" status="PASS">
          <params>
            <param index="0">
              <value>
                <![CDATA["The user run the code in tryEditor with valid input for Creating Linked List page"]]>
              </value>
            </param>
            <param index="1">
              <value>
                <![CDATA["Unknown"]]>
              </value>
            </param>
          </params>
          <reporter-output>
          </reporter-output>
        </test-method> <!-- runScenario -->
        <test-method signature="runScenario(io.cucumber.testng.PickleWrapper,io.cucumber.testng.FeatureWrapper)[pri:0, instance:runner.RunnerFile@1f9f6368]" started-at="2023-03-06T21:01:10 EST" name="runScenario" description="Runs Cucumber Scenarios" data-provider="scenarios" finished-at="2023-03-06T21:01:11 EST" duration-ms="198" status="PASS">
          <params>
            <param index="0">
              <value>
                <![CDATA["The user is directed to Stack Page"]]>
              </value>
            </param>
            <param index="1">
              <value>
                <![CDATA["check Stack Functionality"]]>
              </value>
            </param>
          </params>
          <reporter-output>
          </reporter-output>
        </test-method> <!-- runScenario -->
        <test-method signature="runScenario(io.cucumber.testng.PickleWrapper,io.cucumber.testng.FeatureWrapper)[pri:0, instance:runner.RunnerFile@1f9f6368]" started-at="2023-03-06T21:01:11 EST" name="runScenario" description="Runs Cucumber Scenarios" data-provider="scenarios" finished-at="2023-03-06T21:01:11 EST" duration-ms="513" status="PASS">
          <params>
            <param index="0">
              <value>
                <![CDATA["user checking operation functionality"]]>
              </value>
            </param>
            <param index="1">
              <value>
                <![CDATA["check Stack Functionality"]]>
              </value>
            </param>
          </params>
          <reporter-output>
          </reporter-output>
        </test-method> <!-- runScenario -->
        <test-method signature="runScenario(io.cucumber.testng.PickleWrapper,io.cucumber.testng.FeatureWrapper)[pri:0, instance:runner.RunnerFile@1f9f6368]" started-at="2023-03-06T21:01:11 EST" name="runScenario" description="Runs Cucumber Scenarios" data-provider="scenarios" finished-at="2023-03-06T21:01:12 EST" duration-ms="1282" status="PASS">
          <params>
            <param index="0">
              <value>
                <![CDATA["user is on tryeditor page"]]>
              </value>
            </param>
            <param index="1">
              <value>
                <![CDATA["check Stack Functionality"]]>
              </value>
            </param>
          </params>
          <reporter-output>
          </reporter-output>
        </test-method> <!-- runScenario -->
        <test-method signature="runScenario(io.cucumber.testng.PickleWrapper,io.cucumber.testng.FeatureWrapper)[pri:0, instance:runner.RunnerFile@1f9f6368]" started-at="2023-03-06T21:01:12 EST" name="runScenario" description="Runs Cucumber Scenarios" data-provider="scenarios" finished-at="2023-03-06T21:01:15 EST" duration-ms="2207" status="PASS">
          <params>
            <param index="0">
              <value>
                <![CDATA["check Queue fuctionality"]]>
              </value>
            </param>
            <param index="1">
              <value>
                <![CDATA["check Queue fuctionality"]]>
              </value>
            </param>
          </params>
          <reporter-output>
          </reporter-output>
        </test-method> <!-- runScenario -->
        <test-method signature="runScenario(io.cucumber.testng.PickleWrapper,io.cucumber.testng.FeatureWrapper)[pri:0, instance:runner.RunnerFile@1f9f6368]" started-at="2023-03-06T21:01:15 EST" name="runScenario" description="Runs Cucumber Scenarios" data-provider="scenarios" finished-at="2023-03-06T21:01:15 EST" duration-ms="430" status="PASS">
          <params>
            <param index="0">
              <value>
                <![CDATA["user checking operation functionality"]]>
              </value>
            </param>
            <param index="1">
              <value>
                <![CDATA["check Queue fuctionality"]]>
              </value>
            </param>
          </params>
          <reporter-output>
          </reporter-output>
        </test-method> <!-- runScenario -->
        <test-method signature="runScenario(io.cucumber.testng.PickleWrapper,io.cucumber.testng.FeatureWrapper)[pri:0, instance:runner.RunnerFile@1f9f6368]" started-at="2023-03-06T21:01:15 EST" name="runScenario" description="Runs Cucumber Scenarios" data-provider="scenarios" finished-at="2023-03-06T21:01:16 EST" duration-ms="1339" status="PASS">
          <params>
            <param index="0">
              <value>
                <![CDATA["user is on tryeditor page of Queue"]]>
              </value>
            </param>
            <param index="1">
              <value>
                <![CDATA["check Queue fuctionality"]]>
              </value>
            </param>
          </params>
          <reporter-output>
          </reporter-output>
        </test-method> <!-- runScenario -->
        <test-method signature="runScenario(io.cucumber.testng.PickleWrapper,io.cucumber.testng.FeatureWrapper)[pri:0, instance:runner.RunnerFile@1f9f6368]" started-at="2023-03-06T21:01:16 EST" name="runScenario" description="Runs Cucumber Scenarios" data-provider="scenarios" finished-at="2023-03-06T21:01:17 EST" duration-ms="214" status="PASS">
          <params>
            <param index="0">
              <value>
                <![CDATA["user navigate to Tree page"]]>
              </value>
            </param>
            <param index="1">
              <value>
                <![CDATA["checking Tree page functionality"]]>
              </value>
            </param>
          </params>
          <reporter-output>
          </reporter-output>
        </test-method> <!-- runScenario -->
        <test-method signature="runScenario(io.cucumber.testng.PickleWrapper,io.cucumber.testng.FeatureWrapper)[pri:0, instance:runner.RunnerFile@1f9f6368]" started-at="2023-03-06T21:01:17 EST" name="runScenario" description="Runs Cucumber Scenarios" data-provider="scenarios" finished-at="2023-03-06T21:01:17 EST" duration-ms="425" status="PASS">
          <params>
            <param index="0">
              <value>
                <![CDATA["The user is able to navigate to Overview of Trees"]]>
              </value>
            </param>
            <param index="1">
              <value>
                <![CDATA["checking Tree page functionality"]]>
              </value>
            </param>
          </params>
          <reporter-output>
          </reporter-output>
        </test-method> <!-- runScenario -->
        <test-method signature="runScenario(io.cucumber.testng.PickleWrapper,io.cucumber.testng.FeatureWrapper)[pri:0, instance:runner.RunnerFile@1f9f6368]" started-at="2023-03-06T21:01:17 EST" name="runScenario" description="Runs Cucumber Scenarios" data-provider="scenarios" finished-at="2023-03-06T21:01:19 EST" duration-ms="1441" status="PASS">
          <params>
            <param index="0">
              <value>
                <![CDATA["user checking TextArea"]]>
              </value>
            </param>
            <param index="1">
              <value>
                <![CDATA["checking Tree page functionality"]]>
              </value>
            </param>
          </params>
          <reporter-output>
          </reporter-output>
        </test-method> <!-- runScenario -->
        <test-method signature="runScenario(io.cucumber.testng.PickleWrapper,io.cucumber.testng.FeatureWrapper)[pri:0, instance:runner.RunnerFile@1f9f6368]" started-at="2023-03-06T21:01:19 EST" name="runScenario" description="Runs Cucumber Scenarios" data-provider="scenarios" finished-at="2023-03-06T21:01:19 EST" duration-ms="414" status="PASS">
          <params>
            <param index="0">
              <value>
                <![CDATA["The user is able to navigate to Terminologies"]]>
              </value>
            </param>
            <param index="1">
              <value>
                <![CDATA["checking Tree page functionality"]]>
              </value>
            </param>
          </params>
          <reporter-output>
          </reporter-output>
        </test-method> <!-- runScenario -->
        <test-method signature="runScenario(io.cucumber.testng.PickleWrapper,io.cucumber.testng.FeatureWrapper)[pri:0, instance:runner.RunnerFile@1f9f6368]" started-at="2023-03-06T21:01:19 EST" name="runScenario" description="Runs Cucumber Scenarios" data-provider="scenarios" finished-at="2023-03-06T21:01:20 EST" duration-ms="1463" status="PASS">
          <params>
            <param index="0">
              <value>
                <![CDATA["user checking TextArea Terminologies"]]>
              </value>
            </param>
            <param index="1">
              <value>
                <![CDATA["checking Tree page functionality"]]>
              </value>
            </param>
          </params>
          <reporter-output>
          </reporter-output>
        </test-method> <!-- runScenario -->
        <test-method signature="runScenario(io.cucumber.testng.PickleWrapper,io.cucumber.testng.FeatureWrapper)[pri:0, instance:runner.RunnerFile@1f9f6368]" started-at="2023-03-06T21:01:20 EST" name="runScenario" description="Runs Cucumber Scenarios" data-provider="scenarios" finished-at="2023-03-06T21:01:21 EST" duration-ms="421" status="PASS">
          <params>
            <param index="0">
              <value>
                <![CDATA["The user is able to navigate to Types of Tree"]]>
              </value>
            </param>
            <param index="1">
              <value>
                <![CDATA["checking Tree page functionality"]]>
              </value>
            </param>
          </params>
          <reporter-output>
          </reporter-output>
        </test-method> <!-- runScenario -->
        <test-method signature="runScenario(io.cucumber.testng.PickleWrapper,io.cucumber.testng.FeatureWrapper)[pri:0, instance:runner.RunnerFile@1f9f6368]" started-at="2023-03-06T21:01:21 EST" name="runScenario" description="Runs Cucumber Scenarios" data-provider="scenarios" finished-at="2023-03-06T21:01:22 EST" duration-ms="1412" status="PASS">
          <params>
            <param index="0">
              <value>
                <![CDATA["user checking TextArea Types of Tree"]]>
              </value>
            </param>
            <param index="1">
              <value>
                <![CDATA["checking Tree page functionality"]]>
              </value>
            </param>
          </params>
          <reporter-output>
          </reporter-output>
        </test-method> <!-- runScenario -->
        <test-method signature="runScenario(io.cucumber.testng.PickleWrapper,io.cucumber.testng.FeatureWrapper)[pri:0, instance:runner.RunnerFile@1f9f6368]" started-at="2023-03-06T21:01:22 EST" name="runScenario" description="Runs Cucumber Scenarios" data-provider="scenarios" finished-at="2023-03-06T21:01:23 EST" duration-ms="267" status="PASS">
          <params>
            <param index="0">
              <value>
                <![CDATA["user is to check Graph operation"]]>
              </value>
            </param>
            <param index="1">
              <value>
                <![CDATA["user is checking Graph functionality"]]>
              </value>
            </param>
          </params>
          <reporter-output>
          </reporter-output>
        </test-method> <!-- runScenario -->
        <test-method signature="runScenario(io.cucumber.testng.PickleWrapper,io.cucumber.testng.FeatureWrapper)[pri:0, instance:runner.RunnerFile@1f9f6368]" started-at="2023-03-06T21:01:23 EST" name="runScenario" description="Runs Cucumber Scenarios" data-provider="scenarios" finished-at="2023-03-06T21:01:23 EST" duration-ms="540" status="PASS">
          <params>
            <param index="0">
              <value>
                <![CDATA["user checking try editor functionality"]]>
              </value>
            </param>
            <param index="1">
              <value>
                <![CDATA["user is checking Graph functionality"]]>
              </value>
            </param>
          </params>
          <reporter-output>
          </reporter-output>
        </test-method> <!-- runScenario -->
        <test-method signature="runScenario(io.cucumber.testng.PickleWrapper,io.cucumber.testng.FeatureWrapper)[pri:0, instance:runner.RunnerFile@1f9f6368]" started-at="2023-03-06T21:01:23 EST" name="runScenario" description="Runs Cucumber Scenarios" data-provider="scenarios" finished-at="2023-03-06T21:01:24 EST" duration-ms="1310" status="PASS">
          <params>
            <param index="0">
              <value>
                <![CDATA["user is on tryeditor of Graph page"]]>
              </value>
            </param>
            <param index="1">
              <value>
                <![CDATA["user is checking Graph functionality"]]>
              </value>
            </param>
          </params>
          <reporter-output>
          </reporter-output>
        </test-method> <!-- runScenario -->
        <test-method signature="runScenario(io.cucumber.testng.PickleWrapper,io.cucumber.testng.FeatureWrapper)[pri:0, instance:runner.RunnerFile@1f9f6368]" started-at="2023-03-06T21:01:24 EST" name="runScenario" description="Runs Cucumber Scenarios" data-provider="scenarios" finished-at="2023-03-06T21:01:25 EST" duration-ms="873" status="PASS">
          <params>
            <param index="0">
              <value>
                <![CDATA["user checking try editor functionality of Graph representation"]]>
              </value>
            </param>
            <param index="1">
              <value>
                <![CDATA["user is checking Graph functionality"]]>
              </value>
            </param>
          </params>
          <reporter-output>
          </reporter-output>
        </test-method> <!-- runScenario -->
        <test-method signature="runScenario(io.cucumber.testng.PickleWrapper,io.cucumber.testng.FeatureWrapper)[pri:0, instance:runner.RunnerFile@1f9f6368]" started-at="2023-03-06T21:01:25 EST" name="runScenario" description="Runs Cucumber Scenarios" data-provider="scenarios" finished-at="2023-03-06T21:01:27 EST" duration-ms="1272" status="PASS">
          <params>
            <param index="0">
              <value>
                <![CDATA["user is on tryeditor of Graph representation page"]]>
              </value>
            </param>
            <param index="1">
              <value>
                <![CDATA["user is checking Graph functionality"]]>
              </value>
            </param>
          </params>
          <reporter-output>
          </reporter-output>
        </test-method> <!-- runScenario -->
        <test-method signature="runScenario(io.cucumber.testng.PickleWrapper,io.cucumber.testng.FeatureWrapper)[pri:0, instance:runner.RunnerFile@1f9f6368]" started-at="2023-03-06T21:01:27 EST" name="runScenario" description="Runs Cucumber Scenarios" data-provider="scenarios" finished-at="2023-03-06T21:01:27 EST" duration-ms="191" status="PASS">
          <params>
            <param index="0">
              <value>
                <![CDATA["User is to sign out from DSalgo"]]>
              </value>
            </param>
            <param index="1">
              <value>
                <![CDATA["user is checking Graph functionality"]]>
              </value>
            </param>
          </params>
          <reporter-output>
          </reporter-output>
        </test-method> <!-- runScenario -->
        <test-method is-config="true" signature="tearDownClass()[pri:0, instance:runner.RunnerFile@1f9f6368]" started-at="2023-03-06T21:01:27 EST" name="tearDownClass" finished-at="2023-03-06T21:01:27 EST" duration-ms="136" status="PASS">
          <reporter-output>
          </reporter-output>
        </test-method> <!-- tearDownClass -->
      </class> <!-- runner.RunnerFile -->
    </test> <!-- Test -->
  </suite> <!-- Suite -->
</testng-results>
