<?xml version="1.0" encoding="UTF-8"?>
<testng-results ignored="0" total="37" passed="37" failed="0" skipped="0">
  <reporter-output>
  </reporter-output>
  <suite started-at="2023-03-03T21:16:27 EST" name="Suite" finished-at="2023-03-03T21:17:20 EST" duration-ms="53313">
    <groups>
      <group name="cucumber">
        <method signature="AbstractTestNGCucumberTests.runScenario(io.cucumber.testng.PickleWrapper,io.cucumber.testng.FeatureWrapper)[pri:0, instance:runner.RunnerFile@1f9f6368]" name="runScenario" class="io.cucumber.testng.AbstractTestNGCucumberTests"/>
      </group> <!-- cucumber -->
    </groups>
    <test started-at="2023-03-03T21:16:27 EST" name="Test" finished-at="2023-03-03T21:17:20 EST" duration-ms="53313">
      <class name="runner.RunnerFile">
        <test-method is-config="true" signature="setUpClass(org.testng.ITestContext)[pri:0, instance:runner.RunnerFile@1f9f6368]" started-at="2023-03-03T21:16:27 EST" name="setUpClass" finished-at="2023-03-03T21:16:32 EST" duration-ms="4950" status="PASS">
          <params>
            <param index="0">
              <value>
                <![CDATA[org.testng.TestRunner@75de7009]]>
              </value>
            </param>
          </params>
          <reporter-output>
          </reporter-output>
        </test-method> <!-- setUpClass -->
        <test-method signature="runScenario(io.cucumber.testng.PickleWrapper,io.cucumber.testng.FeatureWrapper)[pri:0, instance:runner.RunnerFile@1f9f6368]" started-at="2023-03-03T21:16:32 EST" name="runScenario" description="Runs Cucumber Scenarios" data-provider="scenarios" finished-at="2023-03-03T21:16:36 EST" duration-ms="3744" status="PASS">
          <params>
            <param index="0">
              <value>
                <![CDATA["Check all empty field message"]]>
              </value>
            </param>
            <param index="1">
              <value>
                <![CDATA["Check Register functionality"]]>
              </value>
            </param>
          </params>
          <reporter-output>
          </reporter-output>
        </test-method> <!-- runScenario -->
        <test-method signature="runScenario(io.cucumber.testng.PickleWrapper,io.cucumber.testng.FeatureWrapper)[pri:0, instance:runner.RunnerFile@1f9f6368]" started-at="2023-03-03T21:16:36 EST" name="runScenario" description="Runs Cucumber Scenarios" data-provider="scenarios" finished-at="2023-03-03T21:16:40 EST" duration-ms="3950" status="PASS">
          <params>
            <param index="0">
              <value>
                <![CDATA["Check invalid Username"]]>
              </value>
            </param>
            <param index="1">
              <value>
                <![CDATA["Check Register functionality"]]>
              </value>
            </param>
          </params>
          <reporter-output>
          </reporter-output>
        </test-method> <!-- runScenario -->
        <test-method signature="runScenario(io.cucumber.testng.PickleWrapper,io.cucumber.testng.FeatureWrapper)[pri:0, instance:runner.RunnerFile@1f9f6368]" started-at="2023-03-03T21:16:40 EST" name="runScenario" description="Runs Cucumber Scenarios" data-provider="scenarios" finished-at="2023-03-03T21:16:43 EST" duration-ms="2736" status="PASS">
          <params>
            <param index="0">
              <value>
                <![CDATA["Check invalid Password"]]>
              </value>
            </param>
            <param index="1">
              <value>
                <![CDATA["Check Register functionality"]]>
              </value>
            </param>
          </params>
          <reporter-output>
          </reporter-output>
        </test-method> <!-- runScenario -->
        <test-method signature="runScenario(io.cucumber.testng.PickleWrapper,io.cucumber.testng.FeatureWrapper)[pri:0, instance:runner.RunnerFile@1f9f6368]" started-at="2023-03-03T21:16:43 EST" name="runScenario" description="Runs Cucumber Scenarios" data-provider="scenarios" finished-at="2023-03-03T21:16:45 EST" duration-ms="2762" status="PASS">
          <params>
            <param index="0">
              <value>
                <![CDATA["Check mismatch Password confirmation message"]]>
              </value>
            </param>
            <param index="1">
              <value>
                <![CDATA["Check Register functionality"]]>
              </value>
            </param>
          </params>
          <reporter-output>
          </reporter-output>
        </test-method> <!-- runScenario -->
        <test-method signature="runScenario(io.cucumber.testng.PickleWrapper,io.cucumber.testng.FeatureWrapper)[pri:0, instance:runner.RunnerFile@1f9f6368]" started-at="2023-03-03T21:16:45 EST" name="runScenario" description="Runs Cucumber Scenarios" data-provider="scenarios" finished-at="2023-03-03T21:16:50 EST" duration-ms="4263" status="PASS">
          <params>
            <param index="0">
              <value>
                <![CDATA["The user redirected to Homepage with valid details"]]>
              </value>
            </param>
            <param index="1">
              <value>
                <![CDATA["Check Register functionality"]]>
              </value>
            </param>
          </params>
          <reporter-output>
          </reporter-output>
        </test-method> <!-- runScenario -->
        <test-method signature="runScenario(io.cucumber.testng.PickleWrapper,io.cucumber.testng.FeatureWrapper)[pri:0, instance:runner.RunnerFile@1f9f6368]" started-at="2023-03-03T21:16:50 EST" name="runScenario" description="Runs Cucumber Scenarios" data-provider="scenarios" finished-at="2023-03-03T21:16:50 EST" duration-ms="219" status="PASS">
          <params>
            <param index="0">
              <value>
                <![CDATA["Check login page"]]>
              </value>
            </param>
            <param index="1">
              <value>
                <![CDATA["Check login Functionality"]]>
              </value>
            </param>
          </params>
          <reporter-output>
          </reporter-output>
        </test-method> <!-- runScenario -->
        <test-method signature="runScenario(io.cucumber.testng.PickleWrapper,io.cucumber.testng.FeatureWrapper)[pri:0, instance:runner.RunnerFile@1f9f6368]" started-at="2023-03-03T21:16:50 EST" name="runScenario" description="Runs Cucumber Scenarios" data-provider="scenarios" finished-at="2023-03-03T21:16:53 EST" duration-ms="2844" status="PASS">
          <params>
            <param index="0">
              <value>
                <![CDATA["check login with Valid username and password"]]>
              </value>
            </param>
            <param index="1">
              <value>
                <![CDATA["Check login Functionality"]]>
              </value>
            </param>
          </params>
          <reporter-output>
          </reporter-output>
        </test-method> <!-- runScenario -->
        <test-method signature="runScenario(io.cucumber.testng.PickleWrapper,io.cucumber.testng.FeatureWrapper)[pri:0, instance:runner.RunnerFile@1f9f6368]" started-at="2023-03-03T21:16:53 EST" name="runScenario" description="Runs Cucumber Scenarios" data-provider="scenarios" finished-at="2023-03-03T21:16:53 EST" duration-ms="280" status="PASS">
          <params>
            <param index="0">
              <value>
                <![CDATA["The user is able to navigate to Data Structure introduction page"]]>
              </value>
            </param>
            <param index="1">
              <value>
                <![CDATA["The user is in the Home page after logged in"]]>
              </value>
            </param>
          </params>
          <reporter-output>
          </reporter-output>
        </test-method> <!-- runScenario -->
        <test-method signature="runScenario(io.cucumber.testng.PickleWrapper,io.cucumber.testng.FeatureWrapper)[pri:0, instance:runner.RunnerFile@1f9f6368]" started-at="2023-03-03T21:16:53 EST" name="runScenario" description="Runs Cucumber Scenarios" data-provider="scenarios" finished-at="2023-03-03T21:16:53 EST" duration-ms="258" status="PASS">
          <params>
            <param index="0">
              <value>
                <![CDATA["The user is able to navigate to Time Complexity page"]]>
              </value>
            </param>
            <param index="1">
              <value>
                <![CDATA["The user is in the Home page after logged in"]]>
              </value>
            </param>
          </params>
          <reporter-output>
          </reporter-output>
        </test-method> <!-- runScenario -->
        <test-method signature="runScenario(io.cucumber.testng.PickleWrapper,io.cucumber.testng.FeatureWrapper)[pri:0, instance:runner.RunnerFile@1f9f6368]" started-at="2023-03-03T21:16:53 EST" name="runScenario" description="Runs Cucumber Scenarios" data-provider="scenarios" finished-at="2023-03-03T21:16:56 EST" duration-ms="2839" status="PASS">
          <params>
            <param index="0">
              <value>
                <![CDATA["check text editor"]]>
              </value>
            </param>
            <param index="1">
              <value>
                <![CDATA["The user is in the Home page after logged in"]]>
              </value>
            </param>
          </params>
          <reporter-output>
          </reporter-output>
        </test-method> <!-- runScenario -->
        <test-method signature="runScenario(io.cucumber.testng.PickleWrapper,io.cucumber.testng.FeatureWrapper)[pri:0, instance:runner.RunnerFile@1f9f6368]" started-at="2023-03-03T21:16:56 EST" name="runScenario" description="Runs Cucumber Scenarios" data-provider="scenarios" finished-at="2023-03-03T21:16:56 EST" duration-ms="237" status="PASS">
          <params>
            <param index="0">
              <value>
                <![CDATA["user navigate to Array page"]]>
              </value>
            </param>
            <param index="1">
              <value>
                <![CDATA["Unknown"]]>
              </value>
            </param>
          </params>
          <reporter-output>
          </reporter-output>
        </test-method> <!-- runScenario -->
        <test-method signature="runScenario(io.cucumber.testng.PickleWrapper,io.cucumber.testng.FeatureWrapper)[pri:0, instance:runner.RunnerFile@1f9f6368]" started-at="2023-03-03T21:16:56 EST" name="runScenario" description="Runs Cucumber Scenarios" data-provider="scenarios" finished-at="2023-03-03T21:16:59 EST" duration-ms="2860" status="PASS">
          <params>
            <param index="0">
              <value>
                <![CDATA["The user is able to navigate to Arrays in Python page"]]>
              </value>
            </param>
            <param index="1">
              <value>
                <![CDATA["Unknown"]]>
              </value>
            </param>
          </params>
          <reporter-output>
          </reporter-output>
        </test-method> <!-- runScenario -->
        <test-method signature="runScenario(io.cucumber.testng.PickleWrapper,io.cucumber.testng.FeatureWrapper)[pri:0, instance:runner.RunnerFile@1f9f6368]" started-at="2023-03-03T21:16:59 EST" name="runScenario" description="Runs Cucumber Scenarios" data-provider="scenarios" finished-at="2023-03-03T21:17:00 EST" duration-ms="1042" status="PASS">
          <params>
            <param index="0">
              <value>
                <![CDATA["user navigate to Practice question"]]>
              </value>
            </param>
            <param index="1">
              <value>
                <![CDATA["Unknown"]]>
              </value>
            </param>
          </params>
          <reporter-output>
          </reporter-output>
        </test-method> <!-- runScenario -->
        <test-method signature="runScenario(io.cucumber.testng.PickleWrapper,io.cucumber.testng.FeatureWrapper)[pri:0, instance:runner.RunnerFile@1f9f6368]" started-at="2023-03-03T21:17:00 EST" name="runScenario" description="Runs Cucumber Scenarios" data-provider="scenarios" finished-at="2023-03-03T21:17:01 EST" duration-ms="354" status="PASS">
          <params>
            <param index="0">
              <value>
                <![CDATA["User navigated to linked list page"]]>
              </value>
            </param>
            <param index="1">
              <value>
                <![CDATA["Unknown"]]>
              </value>
            </param>
          </params>
          <reporter-output>
          </reporter-output>
        </test-method> <!-- runScenario -->
        <test-method signature="runScenario(io.cucumber.testng.PickleWrapper,io.cucumber.testng.FeatureWrapper)[pri:0, instance:runner.RunnerFile@1f9f6368]" started-at="2023-03-03T21:17:01 EST" name="runScenario" description="Runs Cucumber Scenarios" data-provider="scenarios" finished-at="2023-03-03T21:17:01 EST" duration-ms="547" status="PASS">
          <params>
            <param index="0">
              <value>
                <![CDATA["User navigated to Introduction page"]]>
              </value>
            </param>
            <param index="1">
              <value>
                <![CDATA["Unknown"]]>
              </value>
            </param>
          </params>
          <reporter-output>
          </reporter-output>
        </test-method> <!-- runScenario -->
        <test-method signature="runScenario(io.cucumber.testng.PickleWrapper,io.cucumber.testng.FeatureWrapper)[pri:0, instance:runner.RunnerFile@1f9f6368]" started-at="2023-03-03T21:17:01 EST" name="runScenario" description="Runs Cucumber Scenarios" data-provider="scenarios" finished-at="2023-03-03T21:17:02 EST" duration-ms="465" status="PASS">
          <params>
            <param index="0">
              <value>
                <![CDATA["The user run the code in tryEditor with valid input for Introduction page"]]>
              </value>
            </param>
            <param index="1">
              <value>
                <![CDATA["Unknown"]]>
              </value>
            </param>
          </params>
          <reporter-output>
          </reporter-output>
        </test-method> <!-- runScenario -->
        <test-method signature="runScenario(io.cucumber.testng.PickleWrapper,io.cucumber.testng.FeatureWrapper)[pri:0, instance:runner.RunnerFile@1f9f6368]" started-at="2023-03-03T21:17:02 EST" name="runScenario" description="Runs Cucumber Scenarios" data-provider="scenarios" finished-at="2023-03-03T21:17:02 EST" duration-ms="757" status="PASS">
          <params>
            <param index="0">
              <value>
                <![CDATA["User to check Creating Linked List page"]]>
              </value>
            </param>
            <param index="1">
              <value>
                <![CDATA["Unknown"]]>
              </value>
            </param>
          </params>
          <reporter-output>
          </reporter-output>
        </test-method> <!-- runScenario -->
        <test-method signature="runScenario(io.cucumber.testng.PickleWrapper,io.cucumber.testng.FeatureWrapper)[pri:0, instance:runner.RunnerFile@1f9f6368]" started-at="2023-03-03T21:17:02 EST" name="runScenario" description="Runs Cucumber Scenarios" data-provider="scenarios" finished-at="2023-03-03T21:17:04 EST" duration-ms="1484" status="PASS">
          <params>
            <param index="0">
              <value>
                <![CDATA["The user run the code in tryEditor with valid input for Creating Linked List page"]]>
              </value>
            </param>
            <param index="1">
              <value>
                <![CDATA["Unknown"]]>
              </value>
            </param>
          </params>
          <reporter-output>
          </reporter-output>
        </test-method> <!-- runScenario -->
        <test-method signature="runScenario(io.cucumber.testng.PickleWrapper,io.cucumber.testng.FeatureWrapper)[pri:0, instance:runner.RunnerFile@1f9f6368]" started-at="2023-03-03T21:17:04 EST" name="runScenario" description="Runs Cucumber Scenarios" data-provider="scenarios" finished-at="2023-03-03T21:17:04 EST" duration-ms="198" status="PASS">
          <params>
            <param index="0">
              <value>
                <![CDATA["The user is directed to Stack Page"]]>
              </value>
            </param>
            <param index="1">
              <value>
                <![CDATA["check Stack Functionality"]]>
              </value>
            </param>
          </params>
          <reporter-output>
          </reporter-output>
        </test-method> <!-- runScenario -->
        <test-method signature="runScenario(io.cucumber.testng.PickleWrapper,io.cucumber.testng.FeatureWrapper)[pri:0, instance:runner.RunnerFile@1f9f6368]" started-at="2023-03-03T21:17:04 EST" name="runScenario" description="Runs Cucumber Scenarios" data-provider="scenarios" finished-at="2023-03-03T21:17:05 EST" duration-ms="447" status="PASS">
          <params>
            <param index="0">
              <value>
                <![CDATA["user checking operation functionality"]]>
              </value>
            </param>
            <param index="1">
              <value>
                <![CDATA["check Stack Functionality"]]>
              </value>
            </param>
          </params>
          <reporter-output>
          </reporter-output>
        </test-method> <!-- runScenario -->
        <test-method signature="runScenario(io.cucumber.testng.PickleWrapper,io.cucumber.testng.FeatureWrapper)[pri:0, instance:runner.RunnerFile@1f9f6368]" started-at="2023-03-03T21:17:05 EST" name="runScenario" description="Runs Cucumber Scenarios" data-provider="scenarios" finished-at="2023-03-03T21:17:06 EST" duration-ms="1302" status="PASS">
          <params>
            <param index="0">
              <value>
                <![CDATA["user is on tryeditor page"]]>
              </value>
            </param>
            <param index="1">
              <value>
                <![CDATA["check Stack Functionality"]]>
              </value>
            </param>
          </params>
          <reporter-output>
          </reporter-output>
        </test-method> <!-- runScenario -->
        <test-method signature="runScenario(io.cucumber.testng.PickleWrapper,io.cucumber.testng.FeatureWrapper)[pri:0, instance:runner.RunnerFile@1f9f6368]" started-at="2023-03-03T21:17:06 EST" name="runScenario" description="Runs Cucumber Scenarios" data-provider="scenarios" finished-at="2023-03-03T21:17:08 EST" duration-ms="2217" status="PASS">
          <params>
            <param index="0">
              <value>
                <![CDATA["check Queue fuctionality"]]>
              </value>
            </param>
            <param index="1">
              <value>
                <![CDATA["check Queue fuctionality"]]>
              </value>
            </param>
          </params>
          <reporter-output>
          </reporter-output>
        </test-method> <!-- runScenario -->
        <test-method signature="runScenario(io.cucumber.testng.PickleWrapper,io.cucumber.testng.FeatureWrapper)[pri:0, instance:runner.RunnerFile@1f9f6368]" started-at="2023-03-03T21:17:08 EST" name="runScenario" description="Runs Cucumber Scenarios" data-provider="scenarios" finished-at="2023-03-03T21:17:09 EST" duration-ms="416" status="PASS">
          <params>
            <param index="0">
              <value>
                <![CDATA["user checking operation functionality"]]>
              </value>
            </param>
            <param index="1">
              <value>
                <![CDATA["check Queue fuctionality"]]>
              </value>
            </param>
          </params>
          <reporter-output>
          </reporter-output>
        </test-method> <!-- runScenario -->
        <test-method signature="runScenario(io.cucumber.testng.PickleWrapper,io.cucumber.testng.FeatureWrapper)[pri:0, instance:runner.RunnerFile@1f9f6368]" started-at="2023-03-03T21:17:09 EST" name="runScenario" description="Runs Cucumber Scenarios" data-provider="scenarios" finished-at="2023-03-03T21:17:10 EST" duration-ms="1522" status="PASS">
          <params>
            <param index="0">
              <value>
                <![CDATA["user is on tryeditor page of Queue"]]>
              </value>
            </param>
            <param index="1">
              <value>
                <![CDATA["check Queue fuctionality"]]>
              </value>
            </param>
          </params>
          <reporter-output>
          </reporter-output>
        </test-method> <!-- runScenario -->
        <test-method signature="runScenario(io.cucumber.testng.PickleWrapper,io.cucumber.testng.FeatureWrapper)[pri:0, instance:runner.RunnerFile@1f9f6368]" started-at="2023-03-03T21:17:10 EST" name="runScenario" description="Runs Cucumber Scenarios" data-provider="scenarios" finished-at="2023-03-03T21:17:10 EST" duration-ms="283" status="PASS">
          <params>
            <param index="0">
              <value>
                <![CDATA["user navigate to Tree page"]]>
              </value>
            </param>
            <param index="1">
              <value>
                <![CDATA["checking Tree page functionality"]]>
              </value>
            </param>
          </params>
          <reporter-output>
          </reporter-output>
        </test-method> <!-- runScenario -->
        <test-method signature="runScenario(io.cucumber.testng.PickleWrapper,io.cucumber.testng.FeatureWrapper)[pri:0, instance:runner.RunnerFile@1f9f6368]" started-at="2023-03-03T21:17:10 EST" name="runScenario" description="Runs Cucumber Scenarios" data-provider="scenarios" finished-at="2023-03-03T21:17:11 EST" duration-ms="595" status="PASS">
          <params>
            <param index="0">
              <value>
                <![CDATA["The user is able to navigate to Overview of Trees"]]>
              </value>
            </param>
            <param index="1">
              <value>
                <![CDATA["checking Tree page functionality"]]>
              </value>
            </param>
          </params>
          <reporter-output>
          </reporter-output>
        </test-method> <!-- runScenario -->
        <test-method signature="runScenario(io.cucumber.testng.PickleWrapper,io.cucumber.testng.FeatureWrapper)[pri:0, instance:runner.RunnerFile@1f9f6368]" started-at="2023-03-03T21:17:11 EST" name="runScenario" description="Runs Cucumber Scenarios" data-provider="scenarios" finished-at="2023-03-03T21:17:12 EST" duration-ms="1375" status="PASS">
          <params>
            <param index="0">
              <value>
                <![CDATA["user checking TextArea"]]>
              </value>
            </param>
            <param index="1">
              <value>
                <![CDATA["checking Tree page functionality"]]>
              </value>
            </param>
          </params>
          <reporter-output>
          </reporter-output>
        </test-method> <!-- runScenario -->
        <test-method signature="runScenario(io.cucumber.testng.PickleWrapper,io.cucumber.testng.FeatureWrapper)[pri:0, instance:runner.RunnerFile@1f9f6368]" started-at="2023-03-03T21:17:12 EST" name="runScenario" description="Runs Cucumber Scenarios" data-provider="scenarios" finished-at="2023-03-03T21:17:13 EST" duration-ms="645" status="PASS">
          <params>
            <param index="0">
              <value>
                <![CDATA["The user is able to navigate to Terminologies"]]>
              </value>
            </param>
            <param index="1">
              <value>
                <![CDATA["checking Tree page functionality"]]>
              </value>
            </param>
          </params>
          <reporter-output>
          </reporter-output>
        </test-method> <!-- runScenario -->
        <test-method signature="runScenario(io.cucumber.testng.PickleWrapper,io.cucumber.testng.FeatureWrapper)[pri:0, instance:runner.RunnerFile@1f9f6368]" started-at="2023-03-03T21:17:13 EST" name="runScenario" description="Runs Cucumber Scenarios" data-provider="scenarios" finished-at="2023-03-03T21:17:14 EST" duration-ms="1341" status="PASS">
          <params>
            <param index="0">
              <value>
                <![CDATA["user checking TextArea Terminologies"]]>
              </value>
            </param>
            <param index="1">
              <value>
                <![CDATA["checking Tree page functionality"]]>
              </value>
            </param>
          </params>
          <reporter-output>
          </reporter-output>
        </test-method> <!-- runScenario -->
        <test-method signature="runScenario(io.cucumber.testng.PickleWrapper,io.cucumber.testng.FeatureWrapper)[pri:0, instance:runner.RunnerFile@1f9f6368]" started-at="2023-03-03T21:17:14 EST" name="runScenario" description="Runs Cucumber Scenarios" data-provider="scenarios" finished-at="2023-03-03T21:17:15 EST" duration-ms="394" status="PASS">
          <params>
            <param index="0">
              <value>
                <![CDATA["The user is able to navigate to Types of Tree"]]>
              </value>
            </param>
            <param index="1">
              <value>
                <![CDATA["checking Tree page functionality"]]>
              </value>
            </param>
          </params>
          <reporter-output>
          </reporter-output>
        </test-method> <!-- runScenario -->
        <test-method signature="runScenario(io.cucumber.testng.PickleWrapper,io.cucumber.testng.FeatureWrapper)[pri:0, instance:runner.RunnerFile@1f9f6368]" started-at="2023-03-03T21:17:15 EST" name="runScenario" description="Runs Cucumber Scenarios" data-provider="scenarios" finished-at="2023-03-03T21:17:16 EST" duration-ms="1349" status="PASS">
          <params>
            <param index="0">
              <value>
                <![CDATA["user checking TextArea Types of Tree"]]>
              </value>
            </param>
            <param index="1">
              <value>
                <![CDATA["checking Tree page functionality"]]>
              </value>
            </param>
          </params>
          <reporter-output>
          </reporter-output>
        </test-method> <!-- runScenario -->
        <test-method signature="runScenario(io.cucumber.testng.PickleWrapper,io.cucumber.testng.FeatureWrapper)[pri:0, instance:runner.RunnerFile@1f9f6368]" started-at="2023-03-03T21:17:16 EST" name="runScenario" description="Runs Cucumber Scenarios" data-provider="scenarios" finished-at="2023-03-03T21:17:16 EST" duration-ms="186" status="PASS">
          <params>
            <param index="0">
              <value>
                <![CDATA["user is to check Graph operation"]]>
              </value>
            </param>
            <param index="1">
              <value>
                <![CDATA["user is checking Graph functionality"]]>
              </value>
            </param>
          </params>
          <reporter-output>
          </reporter-output>
        </test-method> <!-- runScenario -->
        <test-method signature="runScenario(io.cucumber.testng.PickleWrapper,io.cucumber.testng.FeatureWrapper)[pri:0, instance:runner.RunnerFile@1f9f6368]" started-at="2023-03-03T21:17:16 EST" name="runScenario" description="Runs Cucumber Scenarios" data-provider="scenarios" finished-at="2023-03-03T21:17:17 EST" duration-ms="642" status="PASS">
          <params>
            <param index="0">
              <value>
                <![CDATA["user checking try editor functionality"]]>
              </value>
            </param>
            <param index="1">
              <value>
                <![CDATA["user is checking Graph functionality"]]>
              </value>
            </param>
          </params>
          <reporter-output>
          </reporter-output>
        </test-method> <!-- runScenario -->
        <test-method signature="runScenario(io.cucumber.testng.PickleWrapper,io.cucumber.testng.FeatureWrapper)[pri:0, instance:runner.RunnerFile@1f9f6368]" started-at="2023-03-03T21:17:17 EST" name="runScenario" description="Runs Cucumber Scenarios" data-provider="scenarios" finished-at="2023-03-03T21:17:18 EST" duration-ms="1281" status="PASS">
          <params>
            <param index="0">
              <value>
                <![CDATA["user is on tryeditor of Graph page"]]>
              </value>
            </param>
            <param index="1">
              <value>
                <![CDATA["user is checking Graph functionality"]]>
              </value>
            </param>
          </params>
          <reporter-output>
          </reporter-output>
        </test-method> <!-- runScenario -->
        <test-method signature="runScenario(io.cucumber.testng.PickleWrapper,io.cucumber.testng.FeatureWrapper)[pri:0, instance:runner.RunnerFile@1f9f6368]" started-at="2023-03-03T21:17:18 EST" name="runScenario" description="Runs Cucumber Scenarios" data-provider="scenarios" finished-at="2023-03-03T21:17:19 EST" duration-ms="415" status="PASS">
          <params>
            <param index="0">
              <value>
                <![CDATA["user checking try editor functionality of Graph representation"]]>
              </value>
            </param>
            <param index="1">
              <value>
                <![CDATA["user is checking Graph functionality"]]>
              </value>
            </param>
          </params>
          <reporter-output>
          </reporter-output>
        </test-method> <!-- runScenario -->
        <test-method signature="runScenario(io.cucumber.testng.PickleWrapper,io.cucumber.testng.FeatureWrapper)[pri:0, instance:runner.RunnerFile@1f9f6368]" started-at="2023-03-03T21:17:19 EST" name="runScenario" description="Runs Cucumber Scenarios" data-provider="scenarios" finished-at="2023-03-03T21:17:20 EST" duration-ms="1412" status="PASS">
          <params>
            <param index="0">
              <value>
                <![CDATA["user is on tryeditor of Graph representation page"]]>
              </value>
            </param>
            <param index="1">
              <value>
                <![CDATA["user is checking Graph functionality"]]>
              </value>
            </param>
          </params>
          <reporter-output>
          </reporter-output>
        </test-method> <!-- runScenario -->
        <test-method signature="runScenario(io.cucumber.testng.PickleWrapper,io.cucumber.testng.FeatureWrapper)[pri:0, instance:runner.RunnerFile@1f9f6368]" started-at="2023-03-03T21:17:20 EST" name="runScenario" description="Runs Cucumber Scenarios" data-provider="scenarios" finished-at="2023-03-03T21:17:20 EST" duration-ms="218" status="PASS">
          <params>
            <param index="0">
              <value>
                <![CDATA["User is to sign out from DSalgo"]]>
              </value>
            </param>
            <param index="1">
              <value>
                <![CDATA["user is checking Graph functionality"]]>
              </value>
            </param>
          </params>
          <reporter-output>
          </reporter-output>
        </test-method> <!-- runScenario -->
        <test-method is-config="true" signature="tearDownClass()[pri:0, instance:runner.RunnerFile@1f9f6368]" started-at="2023-03-03T21:17:20 EST" name="tearDownClass" finished-at="2023-03-03T21:17:20 EST" duration-ms="154" status="PASS">
          <reporter-output>
          </reporter-output>
        </test-method> <!-- tearDownClass -->
      </class> <!-- runner.RunnerFile -->
    </test> <!-- Test -->
  </suite> <!-- Suite -->
</testng-results>
